2022-Aug-04 11:55:55 AM [background-preinit] INFO  org.hibernate.validator.internal.util.Version - HV000001: Hibernate Validator 6.2.3.Final
2022-Aug-04 11:55:55 AM [restartedMain] INFO  com.example.demo.DemoSiteApplication - Starting DemoSiteApplication using Java 17.0.1 on DESKTOP-771G76R with PID 6704 (D:\GCU\2022\CST-323\CST-323-Workspace\CST323TestSite\target\classes started by natha in D:\GCU\2022\CST-323\CST-323-Workspace\CST323TestSite)
2022-Aug-04 11:55:55 AM [restartedMain] INFO  com.example.demo.DemoSiteApplication - No active profile set, falling back to 1 default profile: "default"
2022-Aug-04 11:55:55 AM [restartedMain] INFO  org.springframework.boot.devtools.env.DevToolsPropertyDefaultsPostProcessor - Devtools property defaults active! Set 'spring.devtools.add-properties' to 'false' to disable
2022-Aug-04 11:55:55 AM [restartedMain] INFO  org.springframework.boot.devtools.env.DevToolsPropertyDefaultsPostProcessor - For additional web related logging consider setting the 'logging.level.web' property to 'DEBUG'
2022-Aug-04 11:55:56 AM [restartedMain] INFO  org.springframework.data.repository.config.RepositoryConfigurationDelegate - Bootstrapping Spring Data JDBC repositories in DEFAULT mode.
2022-Aug-04 11:55:56 AM [restartedMain] INFO  org.springframework.data.repository.config.RepositoryConfigurationDelegate - Finished Spring Data repository scanning in 176 ms. Found 2 JDBC repository interfaces.
2022-Aug-04 11:55:57 AM [restartedMain] INFO  org.springframework.boot.web.embedded.tomcat.TomcatWebServer - Tomcat initialized with port(s): 8080 (http)
2022-Aug-04 11:55:57 AM [restartedMain] INFO  org.apache.coyote.http11.Http11NioProtocol - Initializing ProtocolHandler ["http-nio-8080"]
2022-Aug-04 11:55:57 AM [restartedMain] INFO  org.apache.catalina.core.StandardService - Starting service [Tomcat]
2022-Aug-04 11:55:57 AM [restartedMain] INFO  org.apache.catalina.core.StandardEngine - Starting Servlet engine: [Apache Tomcat/9.0.64]
2022-Aug-04 11:55:57 AM [restartedMain] INFO  org.apache.catalina.core.ContainerBase.[Tomcat].[localhost].[/] - Initializing Spring embedded WebApplicationContext
2022-Aug-04 11:55:57 AM [restartedMain] INFO  org.springframework.boot.web.servlet.context.ServletWebServerApplicationContext - Root WebApplicationContext: initialization completed in 2010 ms
2022-Aug-04 11:55:58 AM [restartedMain] INFO  com.example.demo.SpringConfig - INFO: entering getProductBusiness
2022-Aug-04 11:55:58 AM [restartedMain] INFO  com.example.demo.SpringConfig - INFO: exiting getProductBusiness
2022-Aug-04 11:55:58 AM [restartedMain] INFO  com.zaxxer.hikari.HikariDataSource - HikariPool-1 - Starting...
2022-Aug-04 11:55:59 AM [restartedMain] INFO  com.zaxxer.hikari.HikariDataSource - HikariPool-1 - Start completed.
2022-Aug-04 11:55:59 AM [restartedMain] WARN  org.springframework.data.convert.CustomConversions - Registering converter from class microsoft.sql.DateTimeOffset to class java.time.OffsetDateTime as reading converter although it doesn't convert from a store-supported type; You might want to check your annotation setup at the converter implementation
2022-Aug-04 11:55:59 AM [restartedMain] INFO  org.springframework.boot.devtools.autoconfigure.OptionalLiveReloadServer - LiveReload server is running on port 35729
2022-Aug-04 11:55:59 AM [restartedMain] INFO  com.example.demo.SpringConfig - INFO: entering getUserBusiness
2022-Aug-04 11:55:59 AM [restartedMain] INFO  com.example.demo.SpringConfig - INFO: exiting getUserBusiness
2022-Aug-04 11:55:59 AM [restartedMain] INFO  org.springframework.boot.autoconfigure.web.servlet.WelcomePageHandlerMapping - Adding welcome page template: index
2022-Aug-04 11:56:00 AM [restartedMain] INFO  org.apache.coyote.http11.Http11NioProtocol - Starting ProtocolHandler ["http-nio-8080"]
2022-Aug-04 11:56:00 AM [restartedMain] INFO  org.springframework.boot.web.embedded.tomcat.TomcatWebServer - Tomcat started on port(s): 8080 (http) with context path ''
2022-Aug-04 11:56:00 AM [restartedMain] INFO  com.example.demo.DemoSiteApplication - Started DemoSiteApplication in 5.022 seconds (JVM running for 6.078)
2022-Aug-04 11:56:04 AM [http-nio-8080-exec-2] INFO  org.apache.catalina.core.ContainerBase.[Tomcat].[localhost].[/] - Initializing Spring DispatcherServlet 'dispatcherServlet'
2022-Aug-04 11:56:04 AM [http-nio-8080-exec-2] INFO  org.springframework.web.servlet.DispatcherServlet - Initializing Servlet 'dispatcherServlet'
2022-Aug-04 11:56:04 AM [http-nio-8080-exec-2] INFO  org.springframework.web.servlet.DispatcherServlet - Completed initialization in 4 ms
2022-Aug-04 11:56:05 AM [http-nio-8080-exec-2] INFO  com.example.demo.controller.MainController - INFO: entering accessHome method...
2022-Aug-04 11:56:05 AM [http-nio-8080-exec-2] INFO  com.example.demo.controller.MainController - INFO: exiting accessHome method...
2022-Aug-04 11:56:06 AM [http-nio-8080-exec-4] INFO  com.example.demo.controller.MainController - INFO: entering startTest1 method...
2022-Aug-04 11:56:06 AM [http-nio-8080-exec-4] INFO  com.example.demo.business.ProductBusinessService - INFO: entering getProduct method...
2022-Aug-04 11:56:06 AM [http-nio-8080-exec-4] INFO  com.example.demo.business.ProductBusinessService - Info: retrieving product data using ProductDataService...
2022-Aug-04 11:56:06 AM [http-nio-8080-exec-4] INFO  com.example.demo.data.ProductDataService - INFO: Entering findAll() method
2022-Aug-04 11:56:06 AM [http-nio-8080-exec-4] INFO  com.example.demo.data.ProductDataService - INFO: retrieving data from productRepository
2022-Aug-04 11:56:07 AM [http-nio-8080-exec-4] INFO  com.example.demo.data.ProductDataService - INFO: exiting findAll() method
2022-Aug-04 11:56:07 AM [http-nio-8080-exec-4] INFO  com.example.demo.business.ProductBusinessService - INFO: exiting getProductMethod...
2022-Aug-04 11:56:07 AM [http-nio-8080-exec-4] INFO  com.example.demo.controller.MainController - INFO: exiting startTest1 method...
2022-Aug-04 11:56:08 AM [http-nio-8080-exec-1] INFO  com.example.demo.controller.MainController - INFO: entering startTest2 method...
2022-Aug-04 11:56:08 AM [http-nio-8080-exec-1] INFO  com.example.demo.business.UserBusinessService - INFO: entering getUser method...
2022-Aug-04 11:56:08 AM [http-nio-8080-exec-1] INFO  com.example.demo.business.UserBusinessService - Info: retrieving user data using UserDataService...
2022-Aug-04 11:56:08 AM [http-nio-8080-exec-1] INFO  com.example.demo.data.UserDataService - INFO: Entering findAll() method
2022-Aug-04 11:56:08 AM [http-nio-8080-exec-1] INFO  com.example.demo.data.UserDataService - INFO: retrieving data from userRepository
2022-Aug-04 11:56:08 AM [http-nio-8080-exec-1] INFO  com.example.demo.data.UserDataService - INFO: exiting findAll() method
2022-Aug-04 11:56:08 AM [http-nio-8080-exec-1] INFO  com.example.demo.business.UserBusinessService - INFO: exiting getUserMethod...
2022-Aug-04 11:56:08 AM [http-nio-8080-exec-1] INFO  com.example.demo.controller.MainController - INFO: exiting startTest2 method...
2022-Aug-04 11:56:09 AM [http-nio-8080-exec-9] INFO  com.example.demo.controller.MainController - INFO: entering startTest3 method...
2022-Aug-04 11:56:09 AM [http-nio-8080-exec-9] INFO  com.example.demo.business.ProductBusinessService - INFO: entering getProduct method...
2022-Aug-04 11:56:09 AM [http-nio-8080-exec-9] INFO  com.example.demo.business.ProductBusinessService - Info: retrieving product data using ProductDataService...
2022-Aug-04 11:56:09 AM [http-nio-8080-exec-9] INFO  com.example.demo.data.ProductDataService - INFO: Entering findAll() method
2022-Aug-04 11:56:09 AM [http-nio-8080-exec-9] INFO  com.example.demo.data.ProductDataService - INFO: retrieving data from productRepository
2022-Aug-04 11:56:09 AM [http-nio-8080-exec-9] INFO  com.example.demo.data.ProductDataService - INFO: exiting findAll() method
2022-Aug-04 11:56:09 AM [http-nio-8080-exec-9] INFO  com.example.demo.business.ProductBusinessService - INFO: exiting getProductMethod...
2022-Aug-04 11:56:09 AM [http-nio-8080-exec-9] INFO  com.example.demo.business.UserBusinessService - INFO: entering getUser method...
2022-Aug-04 11:56:09 AM [http-nio-8080-exec-9] INFO  com.example.demo.business.UserBusinessService - Info: retrieving user data using UserDataService...
2022-Aug-04 11:56:10 AM [http-nio-8080-exec-9] INFO  com.example.demo.data.UserDataService - INFO: Entering findAll() method
2022-Aug-04 11:56:10 AM [http-nio-8080-exec-9] INFO  com.example.demo.data.UserDataService - INFO: retrieving data from userRepository
2022-Aug-04 11:56:10 AM [http-nio-8080-exec-9] INFO  com.example.demo.data.UserDataService - INFO: exiting findAll() method
2022-Aug-04 11:56:10 AM [http-nio-8080-exec-9] INFO  com.example.demo.business.UserBusinessService - INFO: exiting getUserMethod...
2022-Aug-04 11:56:10 AM [http-nio-8080-exec-9] INFO  com.example.demo.controller.MainController - INFO: exiting startTest3 method...
2022-Aug-04 11:56:11 AM [http-nio-8080-exec-2] INFO  com.example.demo.controller.MainController - INFO: entering accessHome method...
2022-Aug-04 11:56:11 AM [http-nio-8080-exec-2] INFO  com.example.demo.controller.MainController - INFO: exiting accessHome method...
